<?xml version="1.0" encoding="UTF-8"?>
<!-- Generated by org.testng.reporters.JUnitXMLReporter -->
<testsuite ignored="0" hostname="IBM-PF3PELFE" failures="1" tests="4" name="loginErrorValidationTest" time="25.003" errors="0" timestamp="2024-06-02T22:22:17 IST">
  <testcase classname="nandeeshFrameWork.SeleniumFrameWorkDesign.Tests.loginErrorValidationsTest" name="productErrorValidation" time="2.691"/>
  <testcase classname="nandeeshFrameWork.SeleniumFrameWorkDesign.Tests.loginErrorValidationsTest" name="submitOrder" time="0.725">
    <skipped/>
  </testcase> <!-- submitOrder -->
  <testcase classname="nandeeshFrameWork.SeleniumFrameWorkDesign.Tests.loginErrorValidationsTest" name="submitOrder" time="0.817">
    <skipped/>
  </testcase> <!-- submitOrder -->
  <testcase classname="nandeeshFrameWork.SeleniumFrameWorkDesign.Tests.loginErrorValidationsTest" name="submitOrder" time="2.593">
    <failure type="java.lang.AssertionError" message="expected [Incorrect email or password.] but found [Incorrect email password]">
      <![CDATA[java.lang.AssertionError: expected [Incorrect email or password.] but found [Incorrect email password]
at nandeeshFrameWork.SeleniumFrameWorkDesign.Tests.loginErrorValidationsTest.submitOrder(loginErrorValidationsTest.java:86)
at java.base/java.util.ArrayList.forEach(ArrayList.java:1511)
at java.base/java.util.concurrent.FutureTask.run(FutureTask.java:264)
at java.base/java.util.concurrent.ThreadPoolExecutor.runWorker(ThreadPoolExecutor.java:1130)
at java.base/java.util.concurrent.ThreadPoolExecutor$Worker.run(ThreadPoolExecutor.java:630)
at java.base/java.lang.Thread.run(Thread.java:831)
... Removed 23 stack frames]]>
    </failure>
  </testcase> <!-- submitOrder -->
</testsuite> <!-- loginErrorValidationTest -->
