<?xml version="1.0" encoding="UTF-8"?>
<!-- Generated by org.testng.reporters.JUnitXMLReporter -->
<testsuite ignored="0" hostname="IBM-PF3PELFE" failures="1" tests="4" name="loginErrorValidationTest" time="46.121" errors="0" timestamp="2024-06-09T10:15:33 IST">
  <testcase classname="nandeeshFrameWork.SeleniumFrameWorkDesign.Tests.loginErrorValidationsTest" name="productErrorValidation" time="6.408"/>
  <testcase classname="nandeeshFrameWork.SeleniumFrameWorkDesign.Tests.loginErrorValidationsTest" name="submitOrder" time="4.243">
    <skipped/>
  </testcase> <!-- submitOrder -->
  <testcase classname="nandeeshFrameWork.SeleniumFrameWorkDesign.Tests.loginErrorValidationsTest" name="submitOrder" time="1.429">
    <skipped/>
  </testcase> <!-- submitOrder -->
  <testcase classname="nandeeshFrameWork.SeleniumFrameWorkDesign.Tests.loginErrorValidationsTest" name="submitOrder" time="3.462">
    <failure type="java.lang.AssertionError" message="expected [Incorrect email or password.] but found [Incorrect email password]">
      <![CDATA[java.lang.AssertionError: expected [Incorrect email or password.] but found [Incorrect email password]
at nandeeshFrameWork.SeleniumFrameWorkDesign.Tests.loginErrorValidationsTest.submitOrder(loginErrorValidationsTest.java:86)
at java.base/java.util.ArrayList.forEach(ArrayList.java:1596)
at java.base/java.util.concurrent.FutureTask.run(FutureTask.java:317)
at java.base/java.util.concurrent.ThreadPoolExecutor.runWorker(ThreadPoolExecutor.java:1144)
at java.base/java.util.concurrent.ThreadPoolExecutor$Worker.run(ThreadPoolExecutor.java:642)
at java.base/java.lang.Thread.run(Thread.java:1595)
... Removed 21 stack frames]]>
    </failure>
  </testcase> <!-- submitOrder -->
</testsuite> <!-- loginErrorValidationTest -->
