<!DOCTYPE html PUBLIC "-//W3C//DTD XHTML 1.1//EN" "https://www.w3.org/TR/xhtml11/DTD/xhtml11.dtd">
<html xmlns="https://www.w3.org/1999/xhtml">
<head>
<meta http-equiv="content-type" content="text/html; charset=UTF-8"/>
<title>TestNG Report</title>
<style type="text/css">table {margin-bottom:10px;border-collapse:collapse;empty-cells:show}th,td {border:1px solid #009;padding:.25em .5em}th {vertical-align:bottom}td {vertical-align:top}table a {font-weight:bold}.stripe td {background-color: #E6EBF9}.num {text-align:right}.passedodd td {background-color: #3F3}.passedeven td {background-color: #0A0}.skippedodd td {background-color: #DDD}.skippedeven td {background-color: #CCC}.failedodd td,.attn {background-color: #F33}.failedeven td,.stripe .attn {background-color: #D00}.stacktrace {white-space:pre;font-family:monospace}.totop {font-size:85%;text-align:center;border-bottom:2px solid #000}.invisible {display:none}</style>
</head>
<body>
<table>
<tr><th>Test</th><th># Passed</th><th># Skipped</th><th># Retried</th><th># Failed</th><th>Time (ms)</th><th>Included Groups</th><th>Excluded Groups</th></tr>
<tr><th colspan="8">Suite</th></tr>
<tr><td><a href="#t0">TestFrameWork</a></td><td class="num">3</td><td class="num">0</td><td class="num">0</td><td class="num">0</td><td class="num">45,009</td><td></td><td></td></tr>
<tr class="stripe"><td><a href="#t1">loginErrorValidationTest</a></td><td class="num">1</td><td class="num">0</td><td class="num attn">2</td><td class="num attn">1</td><td class="num">46,121</td><td></td><td></td></tr>
<tr><th>Total</th><th class="num">4</th><th class="num">0</th><th class="num attn">2</th><th class="num attn">1</th><th class="num">91,130</th><th colspan="2"></th></tr>
</table>
<table id='summary'><thead><tr><th>Class</th><th>Method</th><th>Start</th><th>Time (ms)</th></tr></thead><tbody><tr><th colspan="4">Suite</th></tr></tbody><tbody id="t0"><tr><th colspan="4">TestFrameWork &#8212; passed</th></tr><tr class="passedeven"><td rowspan="3">nandeeshFrameWork.SeleniumFrameWorkDesign.Tests.TestFrameWork</td><td><a href="#m0">orderHistoryTest</a></td><td rowspan="1">1717908327523</td><td rowspan="1">4045</td></tr><tr class="passedeven"><td><a href="#m1">submitOrder</a></td><td rowspan="2">1717908299296</td><td rowspan="2">10239</td></tr><tr class="passedeven"><td><a href="#m2">submitOrder</a></td></tr></tbody>
<tbody id="t1"><tr><th colspan="4">loginErrorValidationTest &#8212; failed</th></tr><tr class="failedeven"><td rowspan="1">nandeeshFrameWork.SeleniumFrameWorkDesign.Tests.loginErrorValidationsTest</td><td><a href="#m3">submitOrder</a></td><td rowspan="1">1717908327180</td><td rowspan="1">3462</td></tr><tr><th colspan="4">loginErrorValidationTest &#8212; retried</th></tr><tr class="retriedeven"><td rowspan="2">nandeeshFrameWork.SeleniumFrameWorkDesign.Tests.loginErrorValidationsTest</td><td><a href="#m4">submitOrder</a></td><td rowspan="2">1717908313316</td><td rowspan="2">4243</td></tr><tr class="retriedeven"><td><a href="#m5">submitOrder</a></td></tr><tr><th colspan="4">loginErrorValidationTest &#8212; passed</th></tr><tr class="passedeven"><td rowspan="1">nandeeshFrameWork.SeleniumFrameWorkDesign.Tests.loginErrorValidationsTest</td><td><a href="#m6">productErrorValidation</a></td><td rowspan="1">1717908300284</td><td rowspan="1">6408</td></tr></tbody>
</table>
<h2>TestFrameWork</h2><h3 id="m0">nandeeshFrameWork.SeleniumFrameWorkDesign.Tests.TestFrameWork#orderHistoryTest</h3><table class="result"><tr><th class="invisible"/></tr></table><p class="totop"><a href="#summary">back to summary</a></p>
<h3 id="m1">nandeeshFrameWork.SeleniumFrameWorkDesign.Tests.TestFrameWork#submitOrder</h3><table class="result"><tr class="param"><th>Parameter #1</th></tr><tr class="param stripe"><td>{password=Sunnysun@1, product=ZARA COAT 3, email=synny@email.com}</td></tr></table><p class="totop"><a href="#summary">back to summary</a></p>
<h3 id="m2">nandeeshFrameWork.SeleniumFrameWorkDesign.Tests.TestFrameWork#submitOrder</h3><table class="result"><tr class="param"><th>Parameter #1</th></tr><tr class="param stripe"><td>{password=Nand@1234, product=ADIDAS ORIGINAL, email=nand@email.com}</td></tr></table><p class="totop"><a href="#summary">back to summary</a></p>
<h2>loginErrorValidationTest</h2><h3 id="m3">nandeeshFrameWork.SeleniumFrameWorkDesign.Tests.loginErrorValidationsTest#submitOrder</h3><table class="result"><tr><th>Exception</th></tr><tr><td><div class="stacktrace">java.lang.AssertionError: expected [Incorrect email or password.] but found [Incorrect email password]
	at nandeeshFrameWork.SeleniumFrameWorkDesign.Tests.loginErrorValidationsTest.submitOrder(loginErrorValidationsTest.java:86)
	at java.base/java.util.ArrayList.forEach(ArrayList.java:1596)
	at java.base/java.util.concurrent.FutureTask.run(FutureTask.java:317)
	at java.base/java.util.concurrent.ThreadPoolExecutor.runWorker(ThreadPoolExecutor.java:1144)
	at java.base/java.util.concurrent.ThreadPoolExecutor$Worker.run(ThreadPoolExecutor.java:642)
	at java.base/java.lang.Thread.run(Thread.java:1595)
... Removed 21 stack frames</div></td></tr></table><p class="totop"><a href="#summary">back to summary</a></p>
<h3 id="m4">nandeeshFrameWork.SeleniumFrameWorkDesign.Tests.loginErrorValidationsTest#submitOrder</h3><table class="result"><tr><th>Exception</th></tr><tr><td><div class="stacktrace">java.lang.AssertionError: expected [Incorrect email or password.] but found [Incorrect email password]
	at nandeeshFrameWork.SeleniumFrameWorkDesign.Tests.loginErrorValidationsTest.submitOrder(loginErrorValidationsTest.java:86)
	at java.base/java.util.ArrayList.forEach(ArrayList.java:1596)
	at java.base/java.util.concurrent.FutureTask.run(FutureTask.java:317)
	at java.base/java.util.concurrent.ThreadPoolExecutor.runWorker(ThreadPoolExecutor.java:1144)
	at java.base/java.util.concurrent.ThreadPoolExecutor$Worker.run(ThreadPoolExecutor.java:642)
	at java.base/java.lang.Thread.run(Thread.java:1595)
... Removed 21 stack frames</div></td></tr></table><p class="totop"><a href="#summary">back to summary</a></p>
<h3 id="m5">nandeeshFrameWork.SeleniumFrameWorkDesign.Tests.loginErrorValidationsTest#submitOrder</h3><table class="result"><tr><th>Exception</th></tr><tr><td><div class="stacktrace">java.lang.AssertionError: expected [Incorrect email or password.] but found [Incorrect email password]
	at nandeeshFrameWork.SeleniumFrameWorkDesign.Tests.loginErrorValidationsTest.submitOrder(loginErrorValidationsTest.java:86)
	at java.base/java.util.ArrayList.forEach(ArrayList.java:1596)
	at java.base/java.util.concurrent.FutureTask.run(FutureTask.java:317)
	at java.base/java.util.concurrent.ThreadPoolExecutor.runWorker(ThreadPoolExecutor.java:1144)
	at java.base/java.util.concurrent.ThreadPoolExecutor$Worker.run(ThreadPoolExecutor.java:642)
	at java.base/java.lang.Thread.run(Thread.java:1595)
... Removed 21 stack frames</div></td></tr></table><p class="totop"><a href="#summary">back to summary</a></p>
<h3 id="m6">nandeeshFrameWork.SeleniumFrameWorkDesign.Tests.loginErrorValidationsTest#productErrorValidation</h3><table class="result"><tr><th class="invisible"/></tr></table><p class="totop"><a href="#summary">back to summary</a></p>
</body>
</html>
